0 verbose cli C:\Program Files\nodejs\node.exe C:\Users\Aidan\AppData\Roaming\npm\node_modules\npm\bin\npm-cli.js
1 info using npm@11.10.0
2 info using node@v22.20.0
3 silly config load:file:C:\Users\Aidan\AppData\Roaming\npm\node_modules\npm\npmrc
4 silly config load:file:C:\.npmrc
5 silly config load:file:C:\Users\Aidan\.npmrc
6 silly config load:file:C:\Users\Aidan\AppData\Roaming\npm\etc\npmrc
7 verbose title npm install lucide-react framer-motion
8 verbose argv "install" "lucide-react" "framer-motion" "--cache" "d:/dav/hackathonkomdigi/.npm-cache"
9 verbose logfile logs-max:10 dir:d:\dav\hackathonkomdigi\.npm-cache\_logs\2026-06-06T06_19_11_912Z-
10 verbose logfile d:\dav\hackathonkomdigi\.npm-cache\_logs\2026-06-06T06_19_11_912Z-debug-0.log
11 silly logfile done cleaning log files
12 silly packumentCache heap:4345298944 maxSize:1086324736 maxEntrySize:543162368
13 verbose stack Error: EPERM: operation not permitted, mkdir 'C:\'
13 verbose stack     at async mkdir (node:internal/fs/promises:860:10)
13 verbose stack     at async Arborist.reify (C:\Users\Aidan\AppData\Roaming\npm\node_modules\npm\node_modules\@npmcli\arborist\lib\arborist\reify.js:105:7)
13 verbose stack     at async Install.exec (C:\Users\Aidan\AppData\Roaming\npm\node_modules\npm\lib\commands\install.js:152:5)
13 verbose stack     at async Npm.exec (C:\Users\Aidan\AppData\Roaming\npm\node_modules\npm\lib\npm.js:209:9)
13 verbose stack     at async module.exports (C:\Users\Aidan\AppData\Roaming\npm\node_modules\npm\lib\cli\entry.js:67:5)
14 error code EPERM
15 error syscall mkdir
16 error path C:\
17 error errno -4048
18 error Error: EPERM: operation not permitted, mkdir 'C:\'
18 error     at async mkdir (node:internal/fs/promises:860:10)
18 error     at async Arborist.reify (C:\Users\Aidan\AppData\Roaming\npm\node_modules\npm\node_modules\@npmcli\arborist\lib\arborist\reify.js:105:7)
18 error     at async Install.exec (C:\Users\Aidan\AppData\Roaming\npm\node_modules\npm\lib\commands\install.js:152:5)
18 error     at async Npm.exec (C:\Users\Aidan\AppData\Roaming\npm\node_modules\npm\lib\npm.js:209:9)
18 error     at async module.exports (C:\Users\Aidan\AppData\Roaming\npm\node_modules\npm\lib\cli\entry.js:67:5) {
18 error   errno: -4048,
18 error   code: 'EPERM',
18 error   syscall: 'mkdir',
18 error   path: 'C:\\'
18 error }
19 error
19 error The operation was rejected by your operating system.
19 error It's possible that the file was already in use (by a text editor or antivirus),
19 error or that you lack permissions to access it.
19 error
19 error If you believe this might be a permissions issue, please double-check the
19 error permissions of the file and its containing directories, or try running
19 error the command again as root/Administrator.
20 silly unfinished npm timer reify 1780726752632
21 verbose cwd C:\
22 verbose os Windows_NT 10.0.19045
23 verbose node v22.20.0
24 verbose npm  v11.10.0
25 verbose exit -4048
26 verbose code -4048
27 error A complete log of this run can be found in: d:\dav\hackathonkomdigi\.npm-cache\_logs\2026-06-06T06_19_11_912Z-debug-0.log
